<?xml version="1.0" encoding="UTF-8" ?>
<testsuite failures="0" time="0.208" errors="0" skipped="0" tests="4" name="io.endeios.example.javascripts.JavaScriptTestCase">
  <properties>
    <property name="java.runtime.name" value="Java(TM) SE Runtime Environment"/>
    <property name="sun.boot.library.path" value="c:\Program Files\Java\jdk1.6.0_25\jre\bin"/>
    <property name="java.vm.version" value="20.0-b11"/>
    <property name="java.vm.vendor" value="Sun Microsystems Inc."/>
    <property name="java.vendor.url" value="http://java.sun.com/"/>
    <property name="path.separator" value=";"/>
    <property name="java.vm.name" value="Java HotSpot(TM) 64-Bit Server VM"/>
    <property name="file.encoding.pkg" value="sun.io"/>
    <property name="user.country" value="IT"/>
    <property name="sun.java.launcher" value="SUN_STANDARD"/>
    <property name="sun.os.patch.level" value="Service Pack 1"/>
    <property name="java.vm.specification.name" value="Java Virtual Machine Specification"/>
    <property name="user.dir" value="c:\Users\Bruno\git\javascripts"/>
    <property name="java.runtime.version" value="1.6.0_25-b06"/>
    <property name="java.awt.graphicsenv" value="sun.awt.Win32GraphicsEnvironment"/>
    <property name="basedir" value="c:\Users\Bruno\git\javascripts"/>
    <property name="java.endorsed.dirs" value="c:\Program Files\Java\jdk1.6.0_25\jre\lib\endorsed"/>
    <property name="os.arch" value="amd64"/>
    <property name="surefire.real.class.path" value="c:\Users\Bruno\git\javascripts\target\surefire\surefirebooter3176853514689812774.jar"/>
    <property name="java.io.tmpdir" value="C:\Users\Bruno\AppData\Local\Temp\"/>
    <property name="line.separator" value="
"/>
    <property name="java.vm.specification.vendor" value="Sun Microsystems Inc."/>
    <property name="user.variant" value=""/>
    <property name="os.name" value="Windows 7"/>
    <property name="sun.jnu.encoding" value="Cp1252"/>
    <property name="java.library.path" value="c:\Program Files\Java\jdk1.6.0_25\jre\bin;.;C:\Windows\Sun\Java\bin;C:\Windows\system32;C:\Windows;c:\Users\Bruno\bin;.;C:\Program Files (x86)\Git\local\bin;C:\Program Files (x86)\Git\mingw\bin;C:\Program Files (x86)\Git\bin;c:\Program Files (x86)\NVIDIA Corporation\PhysX\Common;c:\Python27\Lib\site-packages\PyQt4;c:\Program Files\NVIDIA GPU Computing Toolkit\CUDA\v4.0\bin\;c:\Program Files\Common Files\Microsoft Shared\Windows Live;c:\Program Files (x86)\Common Files\Microsoft Shared\Windows Live;c:\Windows\system32;c:\Windows;c:\Windows\System32\Wbem;c:\Windows\System32\WindowsPowerShell\v1.0\;c:\Program Files (x86)\Windows Live\Shared;.;c:\Program Files\Intel\WiFi\bin\;c:\Program Files\Common Files\Intel\WirelessCommon\;c:\apache\apache-maven-3.0.3\bin;c:\apache\apache-ant-1.8.2\bin;c:\Python27;C:\Program Files (x86)\Git\cmd;d:\pinax\Scripts;c:\jython2.5.2\bin;c:\Program Files\SlikSvn\bin;c:\Program Files\TortoiseSVN\bin;c:\Program Files (x86)\PuTTY;c:\opt\scala\sbt\bin;c:\Program Files (x86)\Vim\vim73;c:\Program Files\Calibre2\;&quot;C;C:\Program Files (x86)\Git\Program Files (x86)\Tesseract-OCR;c:\Ruby193\bin;c:\Program Files\Java\jdk1.6.0_25\bin;c:\Users\Bruno\Downloads\scala-2.9.2\sbt\bin;."/>
    <property name="surefire.test.class.path" value="c:\Users\Bruno\git\javascripts\target\test-classes;c:\Users\Bruno\git\javascripts\target\classes;C:\Users\Bruno\.m2\repository\javax\javaee-web-api\6.0\javaee-web-api-6.0.jar;C:\Users\Bruno\.m2\repository\junit\junit\4.11\junit-4.11.jar;C:\Users\Bruno\.m2\repository\org\hamcrest\hamcrest-core\1.3\hamcrest-core-1.3.jar;C:\Users\Bruno\.m2\repository\org\python\jython\2.7-b1\jython-2.7-b1.jar;C:\Users\Bruno\.m2\repository\org\jruby\jruby\1.7.6\jruby-1.7.6.jar;C:\Users\Bruno\.m2\repository\org\jruby\jruby-core\1.7.6\jruby-core-1.7.6.jar;C:\Users\Bruno\.m2\repository\org\ow2\asm\asm\4.0\asm-4.0.jar;C:\Users\Bruno\.m2\repository\org\ow2\asm\asm-commons\4.0\asm-commons-4.0.jar;C:\Users\Bruno\.m2\repository\org\ow2\asm\asm-tree\4.0\asm-tree-4.0.jar;C:\Users\Bruno\.m2\repository\org\ow2\asm\asm-analysis\4.0\asm-analysis-4.0.jar;C:\Users\Bruno\.m2\repository\org\ow2\asm\asm-util\4.0\asm-util-4.0.jar;C:\Users\Bruno\.m2\repository\org\jruby\joni\joni\2.0.0\joni-2.0.0.jar;C:\Users\Bruno\.m2\repository\com\github\jnr\jnr-netdb\1.1.2\jnr-netdb-1.1.2.jar;C:\Users\Bruno\.m2\repository\com\github\jnr\jnr-enxio\0.4\jnr-enxio-0.4.jar;C:\Users\Bruno\.m2\repository\com\github\jnr\jnr-x86asm\1.0.2\jnr-x86asm-1.0.2.jar;C:\Users\Bruno\.m2\repository\com\github\jnr\jnr-unixsocket\0.3\jnr-unixsocket-0.3.jar;C:\Users\Bruno\.m2\repository\com\github\jnr\jnr-posix\3.0.1\jnr-posix-3.0.1.jar;C:\Users\Bruno\.m2\repository\org\jruby\extras\bytelist\1.0.10\bytelist-1.0.10.jar;C:\Users\Bruno\.m2\repository\com\github\jnr\jnr-constants\0.8.5\jnr-constants-0.8.5.jar;C:\Users\Bruno\.m2\repository\org\jruby\jcodings\jcodings\1.0.10\jcodings-1.0.10.jar;C:\Users\Bruno\.m2\repository\com\github\jnr\jnr-ffi\1.0.7\jnr-ffi-1.0.7.jar;C:\Users\Bruno\.m2\repository\com\github\jnr\jffi\1.2.7\jffi-1.2.7.jar;C:\Users\Bruno\.m2\repository\com\github\jnr\jffi\1.2.7\jffi-1.2.7-native.jar;C:\Users\Bruno\.m2\repository\org\yaml\snakeyaml\1.13\snakeyaml-1.13.jar;C:\Users\Bruno\.m2\repository\com\jcraft\jzlib\1.1.2\jzlib-1.1.2.jar;C:\Users\Bruno\.m2\repository\com\headius\invokebinder\1.2\invokebinder-1.2.jar;C:\Users\Bruno\.m2\repository\com\martiansoftware\nailgun-server\0.9.1\nailgun-server-0.9.1.jar;C:\Users\Bruno\.m2\repository\org\jruby\yecht\1.0\yecht-1.0.jar;C:\Users\Bruno\.m2\repository\joda-time\joda-time\2.3\joda-time-2.3.jar;C:\Users\Bruno\.m2\repository\org\jruby\jruby-stdlib\1.7.6\jruby-stdlib-1.7.6.jar;C:\Users\Bruno\.m2\repository\log4j\log4j\1.2.12\log4j-1.2.12.jar;C:\Users\Bruno\.m2\repository\org\slf4j\log4j-over-slf4j\1.7.5\log4j-over-slf4j-1.7.5.jar;C:\Users\Bruno\.m2\repository\org\slf4j\slf4j-api\1.7.5\slf4j-api-1.7.5.jar;C:\Users\Bruno\.m2\repository\org\slf4j\slf4j-simple\1.7.5\slf4j-simple-1.7.5.jar;"/>
    <property name="java.specification.name" value="Java Platform API Specification"/>
    <property name="java.class.version" value="50.0"/>
    <property name="sun.management.compiler" value="HotSpot 64-Bit Tiered Compilers"/>
    <property name="os.version" value="6.1"/>
    <property name="user.home" value="C:\Users\Bruno"/>
    <property name="user.timezone" value="Europe/Berlin"/>
    <property name="java.awt.printerjob" value="sun.awt.windows.WPrinterJob"/>
    <property name="java.specification.version" value="1.6"/>
    <property name="file.encoding" value="Cp1252"/>
    <property name="user.name" value="Bruno"/>
    <property name="java.class.path" value="c:\Users\Bruno\git\javascripts\target\test-classes;c:\Users\Bruno\git\javascripts\target\classes;C:\Users\Bruno\.m2\repository\javax\javaee-web-api\6.0\javaee-web-api-6.0.jar;C:\Users\Bruno\.m2\repository\junit\junit\4.11\junit-4.11.jar;C:\Users\Bruno\.m2\repository\org\hamcrest\hamcrest-core\1.3\hamcrest-core-1.3.jar;C:\Users\Bruno\.m2\repository\org\python\jython\2.7-b1\jython-2.7-b1.jar;C:\Users\Bruno\.m2\repository\org\jruby\jruby\1.7.6\jruby-1.7.6.jar;C:\Users\Bruno\.m2\repository\org\jruby\jruby-core\1.7.6\jruby-core-1.7.6.jar;C:\Users\Bruno\.m2\repository\org\ow2\asm\asm\4.0\asm-4.0.jar;C:\Users\Bruno\.m2\repository\org\ow2\asm\asm-commons\4.0\asm-commons-4.0.jar;C:\Users\Bruno\.m2\repository\org\ow2\asm\asm-tree\4.0\asm-tree-4.0.jar;C:\Users\Bruno\.m2\repository\org\ow2\asm\asm-analysis\4.0\asm-analysis-4.0.jar;C:\Users\Bruno\.m2\repository\org\ow2\asm\asm-util\4.0\asm-util-4.0.jar;C:\Users\Bruno\.m2\repository\org\jruby\joni\joni\2.0.0\joni-2.0.0.jar;C:\Users\Bruno\.m2\repository\com\github\jnr\jnr-netdb\1.1.2\jnr-netdb-1.1.2.jar;C:\Users\Bruno\.m2\repository\com\github\jnr\jnr-enxio\0.4\jnr-enxio-0.4.jar;C:\Users\Bruno\.m2\repository\com\github\jnr\jnr-x86asm\1.0.2\jnr-x86asm-1.0.2.jar;C:\Users\Bruno\.m2\repository\com\github\jnr\jnr-unixsocket\0.3\jnr-unixsocket-0.3.jar;C:\Users\Bruno\.m2\repository\com\github\jnr\jnr-posix\3.0.1\jnr-posix-3.0.1.jar;C:\Users\Bruno\.m2\repository\org\jruby\extras\bytelist\1.0.10\bytelist-1.0.10.jar;C:\Users\Bruno\.m2\repository\com\github\jnr\jnr-constants\0.8.5\jnr-constants-0.8.5.jar;C:\Users\Bruno\.m2\repository\org\jruby\jcodings\jcodings\1.0.10\jcodings-1.0.10.jar;C:\Users\Bruno\.m2\repository\com\github\jnr\jnr-ffi\1.0.7\jnr-ffi-1.0.7.jar;C:\Users\Bruno\.m2\repository\com\github\jnr\jffi\1.2.7\jffi-1.2.7.jar;C:\Users\Bruno\.m2\repository\com\github\jnr\jffi\1.2.7\jffi-1.2.7-native.jar;C:\Users\Bruno\.m2\repository\org\yaml\snakeyaml\1.13\snakeyaml-1.13.jar;C:\Users\Bruno\.m2\repository\com\jcraft\jzlib\1.1.2\jzlib-1.1.2.jar;C:\Users\Bruno\.m2\repository\com\headius\invokebinder\1.2\invokebinder-1.2.jar;C:\Users\Bruno\.m2\repository\com\martiansoftware\nailgun-server\0.9.1\nailgun-server-0.9.1.jar;C:\Users\Bruno\.m2\repository\org\jruby\yecht\1.0\yecht-1.0.jar;C:\Users\Bruno\.m2\repository\joda-time\joda-time\2.3\joda-time-2.3.jar;C:\Users\Bruno\.m2\repository\org\jruby\jruby-stdlib\1.7.6\jruby-stdlib-1.7.6.jar;C:\Users\Bruno\.m2\repository\log4j\log4j\1.2.12\log4j-1.2.12.jar;C:\Users\Bruno\.m2\repository\org\slf4j\log4j-over-slf4j\1.7.5\log4j-over-slf4j-1.7.5.jar;C:\Users\Bruno\.m2\repository\org\slf4j\slf4j-api\1.7.5\slf4j-api-1.7.5.jar;C:\Users\Bruno\.m2\repository\org\slf4j\slf4j-simple\1.7.5\slf4j-simple-1.7.5.jar;"/>
    <property name="java.vm.specification.version" value="1.0"/>
    <property name="sun.arch.data.model" value="64"/>
    <property name="java.home" value="c:\Program Files\Java\jdk1.6.0_25\jre"/>
    <property name="sun.java.command" value="c:\Users\Bruno\git\javascripts\target\surefire\surefirebooter3176853514689812774.jar c:\Users\Bruno\git\javascripts\target\surefire\surefire2210483966567734099tmp c:\Users\Bruno\git\javascripts\target\surefire\surefire6819072928090726474tmp"/>
    <property name="java.specification.vendor" value="Sun Microsystems Inc."/>
    <property name="user.language" value="it"/>
    <property name="awt.toolkit" value="sun.awt.windows.WToolkit"/>
    <property name="java.vm.info" value="mixed mode"/>
    <property name="java.version" value="1.6.0_25"/>
    <property name="java.ext.dirs" value="c:\Program Files\Java\jdk1.6.0_25\jre\lib\ext;C:\Windows\Sun\Java\lib\ext"/>
    <property name="sun.boot.class.path" value="c:\Program Files\Java\jdk1.6.0_25\jre\lib\resources.jar;c:\Program Files\Java\jdk1.6.0_25\jre\lib\rt.jar;c:\Program Files\Java\jdk1.6.0_25\jre\lib\sunrsasign.jar;c:\Program Files\Java\jdk1.6.0_25\jre\lib\jsse.jar;c:\Program Files\Java\jdk1.6.0_25\jre\lib\jce.jar;c:\Program Files\Java\jdk1.6.0_25\jre\lib\charsets.jar;c:\Program Files\Java\jdk1.6.0_25\jre\lib\modules\jdk.boot.jar;c:\Program Files\Java\jdk1.6.0_25\jre\classes"/>
    <property name="java.vendor" value="Sun Microsystems Inc."/>
    <property name="localRepository" value="C:\Users\Bruno\.m2\repository"/>
    <property name="file.separator" value="\"/>
    <property name="java.vendor.url.bug" value="http://java.sun.com/cgi-bin/bugreport.cgi"/>
    <property name="sun.cpu.endian" value="little"/>
    <property name="sun.io.unicode.encoding" value="UnicodeLittle"/>
    <property name="sun.desktop" value="windows"/>
    <property name="sun.cpu.isalist" value="amd64"/>
  </properties>
  <testcase time="0.067" classname="io.endeios.example.javascripts.JavaScriptTestCase" name="invoke"/>
  <testcase time="0.008" classname="io.endeios.example.javascripts.JavaScriptTestCase" name="test"/>
  <testcase time="0.008" classname="io.endeios.example.javascripts.JavaScriptTestCase" name="compile"/>
  <testcase time="0.023" classname="io.endeios.example.javascripts.JavaScriptTestCase" name="invoke2"/>
</testsuite>